{"level":"info","message":"Shippment Request Email send to Admin = julian@bovalabs.com for the doctor = yogeshrana.610weblab+Testdoctor@gmail.com  ","timestamp":"2025-03-26T06:05:37.921Z"}
{"level":"info","message":"Login Email send to shopify Doctor = yogeshrana.610weblab+Testdoctor@gmail.com  ","timestamp":"2025-03-26T06:05:38.193Z"}
{"level":"info","message":"Shippment Request Email send to Admin = julian@bovalabs.com for the doctor = yogeshrana.610weblab+tested@gmail.com  ","timestamp":"2025-03-26T07:33:44.106Z"}
{"level":"info","message":"Login Email send to shopify Doctor = yogeshrana.610weblab+tested@gmail.com  ","timestamp":"2025-03-26T07:33:44.282Z"}
{"level":"info","message":"shopify Doctor   Email= yogeshrana.610weblab+lasttest@gmail.com ,name = Test doctor ,phone =096-325-1741,Address= punjab , state = Kentucky city=mohali ,zipCode=160062","timestamp":"2025-03-26T08:04:24.271Z"}
{"level":"info","message":"Shippment Request Email send to Admin = julian@bovalabs.com for the doctor = yogeshrana.610weblab+lasttest@gmail.com  ","timestamp":"2025-03-26T08:04:24.734Z"}
{"level":"info","message":"Login Email send to shopify Doctor = yogeshrana.610weblab+lasttest@gmail.com  ","timestamp":"2025-03-26T08:04:24.902Z"}
{"level":"info","message":"shopify Doctor   Email= yogeshrana.610weblab+testing1@gmail.com ,name = Test Doctor ,phone =096-325-8771,Address= punjab , state = Florida city=mohali ,zipCode=160062","timestamp":"2025-04-01T06:14:39.779Z"}
{"level":"info","message":"Shippment Request Email send to Admin = julian@bovalabs.com for the doctor = yogeshrana.610weblab+testing1@gmail.com  ","timestamp":"2025-04-01T06:14:40.152Z"}
{"level":"info","message":"Login Email send to shopify Doctor = yogeshrana.610weblab+testing1@gmail.com  ","timestamp":"2025-04-01T06:14:40.322Z"}
{"level":"info","message":"shopify Doctor   Email= yogeshrana.610weblab@gmail.com ,name = Test Doctor ,phone =096-325-8114,Address= punjab , state = Iowa city=mohali ,zipCode=160062","timestamp":"2025-04-01T06:18:17.581Z"}
{"level":"info","message":"Shippment Request Email send to Admin = julian@bovalabs.com for the doctor = yogeshrana.610weblab@gmail.com  ","timestamp":"2025-04-01T06:18:17.965Z"}
{"level":"info","message":"Login Email send to shopify Doctor = yogeshrana.610weblab@gmail.com  ","timestamp":"2025-04-01T06:18:18.154Z"}
{"level":"info","message":"shopify Doctor   Email= crystal@ccfam.com ,name = Crystal Sciarini ,phone =817-232-9400,Address= 4500 Mercantile Plaza Dr #307 , state = Texas city=Fort Worth  ,zipCode=76137","timestamp":"2025-04-04T00:42:45.564Z"}
{"level":"info","message":"Shippment Request Email send to Admin = julian@bovalabs.com for the doctor = crystal@ccfam.com  ","timestamp":"2025-04-04T00:42:46.259Z"}
{"level":"info","message":"Login Email send to shopify Doctor = crystal@ccfam.com  ","timestamp":"2025-04-04T00:42:46.561Z"}
{"level":"info","message":"shopify Doctor   Email= drmarianne@wvnaturopathic.com ,name = Marianne Calvanese ,phone =512-663-1820,Address= 40 Mesquite Trail , state = Texas city=Wimberley ,zipCode=78676","timestamp":"2025-04-07T13:52:57.627Z"}
{"level":"info","message":"Shippment Request Email send to Admin = julian@bovalabs.com for the doctor = drmarianne@wvnaturopathic.com  ","timestamp":"2025-04-07T13:52:58.151Z"}
{"level":"info","message":"Login Email send to shopify Doctor = drmarianne@wvnaturopathic.com  ","timestamp":"2025-04-07T13:52:58.373Z"}
{"level":"info","message":"shopify Doctor   Email= embodynaturalhealth@gmail.com ,name = Makayla Andersen ,phone =616-315-1435,Address= 13931 Mead Creek Rd , state = Michigan city=Bath ,zipCode=48808","timestamp":"2025-04-07T15:03:58.560Z"}
{"level":"info","message":"Shippment Request Email send to Admin = julian@bovalabs.com for the doctor = embodynaturalhealth@gmail.com  ","timestamp":"2025-04-07T15:03:59.162Z"}
{"level":"info","message":"Login Email send to shopify Doctor = embodynaturalhealth@gmail.com  ","timestamp":"2025-04-07T15:03:59.391Z"}
{"level":"info","message":"shopify Doctor   Email= makaylarosekrans@gmail.com ,name = Makayla Andersen ,phone =517-667-9986,Address= 13931 Mead Creek Rd , state = Michigan city=Bath ,zipCode=48808","timestamp":"2025-04-07T15:04:22.676Z"}
{"level":"info","message":"Shippment Request Email send to Admin = julian@bovalabs.com for the doctor = makaylarosekrans@gmail.com  ","timestamp":"2025-04-07T15:04:23.069Z"}
{"level":"info","message":"Login Email send to shopify Doctor = makaylarosekrans@gmail.com  ","timestamp":"2025-04-07T15:04:23.288Z"}
{"level":"info","message":"shopify Doctor   Email= info@visnaturalhealth.com ,name = Jennifer Hampton ,phone =412-370-9525,Address= 102 Fulton Drive  , state = Pennsylvania city=Venetia ,zipCode=15367","timestamp":"2025-04-07T15:42:11.883Z"}
{"level":"info","message":"Shippment Request Email send to Admin = julian@bovalabs.com for the doctor = info@visnaturalhealth.com  ","timestamp":"2025-04-07T15:42:12.441Z"}
{"level":"info","message":"Login Email send to shopify Doctor = info@visnaturalhealth.com  ","timestamp":"2025-04-07T15:42:12.657Z"}
{"level":"info","message":"shopify Doctor   Email= PREVENTIVEMEDICALEXAMS@GMAIL.COM ,name = TRACY BROWN ,phone =214-455-8256,Address= 2735 Villa Creek Drive Ste 142, Farmers Branch, TX, 75234 , state = Texas city=Dallas ,zipCode=75234","timestamp":"2025-04-08T02:50:40.755Z"}
{"level":"info","message":"Shippment Request Email send to Admin = julian@bovalabs.com for the doctor = PREVENTIVEMEDICALEXAMS@GMAIL.COM  ","timestamp":"2025-04-08T02:50:41.309Z"}
{"level":"info","message":"Login Email send to shopify Doctor = PREVENTIVEMEDICALEXAMS@GMAIL.COM  ","timestamp":"2025-04-08T02:50:41.508Z"}
{"level":"info","message":"shopify Doctor   Email= zamacenter@gmail.com ,name = Reena Singh ,phone =760-440-8822,Address= 26 Bentgrass Pl , state = Texas city=Spring ,zipCode=77381","timestamp":"2025-04-10T17:19:04.805Z"}
{"level":"info","message":"Shippment Request Email send to Admin = julian@bovalabs.com for the doctor = zamacenter@gmail.com  ","timestamp":"2025-04-10T17:19:06.777Z"}
{"level":"info","message":"Login Email send to shopify Doctor = zamacenter@gmail.com  ","timestamp":"2025-04-10T17:19:07.000Z"}
{"level":"info","message":"shopify Doctor   Email= doctorheidis@gmail.com ,name = Heidi Weinhold ,phone =724-941-7701,Address= 2400 Ansys Drive Suite 102 , state = Pennsylvania city=Canonsburg ,zipCode=15317","timestamp":"2025-04-14T14:54:49.599Z"}
{"level":"info","message":"Shippment Request Email send to Admin = julian@bovalabs.com for the doctor = doctorheidis@gmail.com  ","timestamp":"2025-04-14T14:54:50.201Z"}
{"level":"info","message":"Login Email send to shopify Doctor = doctorheidis@gmail.com  ","timestamp":"2025-04-14T14:54:50.420Z"}
{"level":"info","message":"shopify Doctor   Email= info@drmusavvir.com ,name = Nadia Musavvir ,phone =909-680-5110,Address= 3411 Indian creek Dr #901 , state = Florida city=Miami Beach  ,zipCode=33140","timestamp":"2025-05-08T01:37:39.073Z"}
{"level":"info","message":"Shippment Request Email send to Admin = julian@bovalabs.com for the doctor = info@drmusavvir.com  ","timestamp":"2025-05-08T01:37:39.598Z"}
{"level":"info","message":"Login Email send to shopify Doctor = info@drmusavvir.com  ","timestamp":"2025-05-08T01:37:39.747Z"}
{"level":"info","message":"shopify Doctor   Email= nadia@drmusavvir.com ,name = Nadia Musavvir ,phone =909-680-5111,Address= 3411 Indian creek Dr #901 , state = Florida city=Miami Beach  ,zipCode=33140","timestamp":"2025-05-08T01:39:17.885Z"}
{"level":"info","message":"Shippment Request Email send to Admin = julian@bovalabs.com for the doctor = nadia@drmusavvir.com  ","timestamp":"2025-05-08T01:39:18.208Z"}
{"level":"info","message":"Login Email send to shopify Doctor = nadia@drmusavvir.com  ","timestamp":"2025-05-08T01:39:18.365Z"}
{"level":"info","message":"shopify Doctor   Email= alphaaligntexas@gmail.com ,name = Dr. Lauren Elizabeth Krutulis ,phone =972-832-9644,Address= 4018 Ridgecrest Trl , state = Texas city=Carrollton ,zipCode=75007","timestamp":"2025-05-08T21:59:19.142Z"}
{"level":"info","message":"Shippment Request Email send to Admin = julian@bovalabs.com for the doctor = alphaaligntexas@gmail.com  ","timestamp":"2025-05-08T21:59:21.238Z"}
{"level":"info","message":"Login Email send to shopify Doctor = alphaaligntexas@gmail.com  ","timestamp":"2025-05-08T21:59:21.464Z"}
{"level":"info","message":"shopify Doctor   Email= DrTaranayak@gmail.com ,name = Tara Nayak ,phone =732-908-9477,Address= 533 e girard ave , state = Pennsylvania city=Philadelphia ,zipCode=19125","timestamp":"2025-05-12T16:10:35.530Z"}
{"level":"info","message":"Shippment Request Email send to Admin = julian@bovalabs.com for the doctor = DrTaranayak@gmail.com  ","timestamp":"2025-05-12T16:10:36.133Z"}
{"level":"info","message":"Login Email send to shopify Doctor = DrTaranayak@gmail.com  ","timestamp":"2025-05-12T16:10:36.352Z"}
